Arguments: 
  /Users/kczadzeck/.nvm/versions/node/v8.11.4/bin/node /usr/local/Cellar/yarn/1.13.0/libexec/bin/yarn.js

PATH: 
  /Users/kczadzeck/.nvm/versions/node/v8.11.4/bin:/Users/kczadzeck/.local/bin:/usr/local/share/python:/usr/local/bin:/usr/bin:/bin:/usr/sbin:/sbin

Yarn version: 
  1.13.0

Node version: 
  8.11.4

Platform: 
  darwin x64

Trace: 
  SyntaxError: /Users/kczadzeck/code/keewtrecnoc/packages/mcw-utils/package.json: Unexpected token } in JSON at position 335
      at JSON.parse (<anonymous>)
      at /usr/local/Cellar/yarn/1.13.0/libexec/lib/cli.js:1625:59
      at Generator.next (<anonymous>)
      at step (/usr/local/Cellar/yarn/1.13.0/libexec/lib/cli.js:304:30)
      at /usr/local/Cellar/yarn/1.13.0/libexec/lib/cli.js:315:13
      at <anonymous>

npm manifest: 
  {
    "name": "mcw-utils",
    "version": "1.0.0",
    "description": "Miscellaneous helper functions and other tools",
    "main": "dist/index.js",
    "license": "MIT",
    "npmClient": "yarn",
    "scripts": {
      "build": "./node_modules/.bin/babel src --out-dir dist",
      "dev": "yarn run build && yarn run start",
      "start": "node dist",
    },
    "dependencies": {
      "dotenv": "^6.2.0"
    },
    "devDependencies": {
    	"babel-core": "^6.26.3",
    	"babel-loader": "^7.1.4",
    	"babel-plugin-transform-class-properties": "^6.24.1",
    	"babel-polyfill": "^6.26.0",
    	"babel-preset-env": "^1.6.1",
    	"babel-preset-es2015": "^6.24.1",
    	"babel-preset-stage-0": "^6.24.1",
    	"babel-preset-stage-1": "^6.24.1",
    }
  }

yarn manifest: 
  No manifest

Lockfile: 
  No lockfile
